{"C:\\Users\\amitr\\OneDrive\\Desktop\\online-quiz-application-api\\backend\\src\\db.js": {"path":"C:\\Users\\amitr\\OneDrive\\Desktop\\online-quiz-application-api\\backend\\src\\db.js","statementMap":{"0":{"start":{"line":1,"column":13},"end":{"line":1,"column":28}},"1":{"start":{"line":2,"column":11},"end":{"line":2,"column":24}},"2":{"start":{"line":3,"column":17},"end":{"line":3,"column":42}},"3":{"start":{"line":5,"column":16},"end":{"line":5,"column":50}},"4":{"start":{"line":6,"column":15},"end":{"line":6,"column":44}},"5":{"start":{"line":8,"column":0},"end":{"line":10,"column":1}},"6":{"start":{"line":9,"column":2},"end":{"line":9,"column":45}},"7":{"start":{"line":12,"column":11},"end":{"line":12,"column":31}},"8":{"start":{"line":13,"column":0},"end":{"line":13,"column":31}},"9":{"start":{"line":15,"column":25},"end":{"line":45,"column":1}},"10":{"start":{"line":16,"column":29},"end":{"line":21,"column":3}},"11":{"start":{"line":23,"column":31},"end":{"line":31,"column":3}},"12":{"start":{"line":33,"column":29},"end":{"line":40,"column":3}},"13":{"start":{"line":42,"column":2},"end":{"line":42,"column":30}},"14":{"start":{"line":43,"column":2},"end":{"line":43,"column":32}},"15":{"start":{"line":44,"column":2},"end":{"line":44,"column":30}},"16":{"start":{"line":47,"column":0},"end":{"line":50,"column":2}}},"fnMap":{"0":{"name":"(anonymous_0)","decl":{"start":{"line":15,"column":25},"end":{"line":15,"column":26}},"loc":{"start":{"line":15,"column":31},"end":{"line":45,"column":1}},"line":15}},"branchMap":{"0":{"loc":{"start":{"line":8,"column":0},"end":{"line":10,"column":1}},"type":"if","locations":[{"start":{"line":8,"column":0},"end":{"line":10,"column":1}},{"start":{},"end":{}}],"line":8}},"s":{"0":1,"1":1,"2":1,"3":1,"4":1,"5":1,"6":0,"7":1,"8":1,"9":1,"10":0,"11":0,"12":0,"13":0,"14":0,"15":0,"16":1},"f":{"0":0},"b":{"0":[0,1]},"_coverageSchema":"1a1c01bbd47fc00a2c39e90264f33305004495a9","hash":"9153fe4900de30ba5e22a5e531d4e9bdd071af63"}
,"C:\\Users\\amitr\\OneDrive\\Desktop\\online-quiz-application-api\\backend\\src\\quizRepository.js": {"path":"C:\\Users\\amitr\\OneDrive\\Desktop\\online-quiz-application-api\\backend\\src\\quizRepository.js","statementMap":{"0":{"start":{"line":1,"column":15},"end":{"line":1,"column":30}},"1":{"start":{"line":3,"column":24},"end":{"line":30,"column":1}},"2":{"start":{"line":4,"column":20},"end":{"line":4,"column":22}},"3":{"start":{"line":5,"column":15},"end":{"line":5,"column":24}},"4":{"start":{"line":7,"column":2},"end":{"line":27,"column":5}},"5":{"start":{"line":8,"column":4},"end":{"line":21,"column":5}},"6":{"start":{"line":9,"column":23},"end":{"line":13,"column":7}},"7":{"start":{"line":15,"column":6},"end":{"line":17,"column":7}},"8":{"start":{"line":16,"column":8},"end":{"line":16,"column":55}},"9":{"start":{"line":19,"column":6},"end":{"line":19,"column":41}},"10":{"start":{"line":20,"column":6},"end":{"line":20,"column":31}},"11":{"start":{"line":23,"column":4},"end":{"line":26,"column":7}},"12":{"start":{"line":29,"column":2},"end":{"line":29,"column":19}},"13":{"start":{"line":32,"column":20},"end":{"line":35,"column":1}},"14":{"start":{"line":33,"column":15},"end":{"line":33,"column":71}},"15":{"start":{"line":34,"column":2},"end":{"line":34,"column":26}},"16":{"start":{"line":37,"column":25},"end":{"line":53,"column":1}},"17":{"start":{"line":38,"column":15},"end":{"line":49,"column":4}},"18":{"start":{"line":51,"column":15},"end":{"line":51,"column":31}},"19":{"start":{"line":52,"column":2},"end":{"line":52,"column":57}},"20":{"start":{"line":55,"column":0},"end":{"line":58,"column":2}}},"fnMap":{"0":{"name":"(anonymous_0)","decl":{"start":{"line":3,"column":24},"end":{"line":3,"column":25}},"loc":{"start":{"line":3,"column":60},"end":{"line":30,"column":1}},"line":3},"1":{"name":"(anonymous_1)","decl":{"start":{"line":7,"column":15},"end":{"line":7,"column":16}},"loc":{"start":{"line":7,"column":24},"end":{"line":27,"column":3}},"line":7},"2":{"name":"(anonymous_2)","decl":{"start":{"line":32,"column":20},"end":{"line":32,"column":21}},"loc":{"start":{"line":32,"column":32},"end":{"line":35,"column":1}},"line":32},"3":{"name":"(anonymous_3)","decl":{"start":{"line":37,"column":25},"end":{"line":37,"column":26}},"loc":{"start":{"line":37,"column":76},"end":{"line":53,"column":1}},"line":37}},"branchMap":{"0":{"loc":{"start":{"line":8,"column":4},"end":{"line":21,"column":5}},"type":"if","locations":[{"start":{"line":8,"column":4},"end":{"line":21,"column":5}},{"start":{},"end":{}}],"line":8},"1":{"loc":{"start":{"line":15,"column":6},"end":{"line":17,"column":7}},"type":"if","locations":[{"start":{"line":15,"column":6},"end":{"line":17,"column":7}},{"start":{},"end":{}}],"line":15},"2":{"loc":{"start":{"line":37,"column":34},"end":{"line":37,"column":71}},"type":"default-arg","locations":[{"start":{"line":37,"column":69},"end":{"line":37,"column":71}}],"line":37},"3":{"loc":{"start":{"line":37,"column":36},"end":{"line":37,"column":64}},"type":"default-arg","locations":[{"start":{"line":37,"column":59},"end":{"line":37,"column":64}}],"line":37}},"s":{"0":1,"1":1,"2":0,"3":0,"4":0,"5":0,"6":0,"7":0,"8":0,"9":0,"10":0,"11":0,"12":0,"13":1,"14":0,"15":0,"16":1,"17":0,"18":0,"19":0,"20":1},"f":{"0":0,"1":0,"2":0,"3":0},"b":{"0":[0,0],"1":[0,0],"2":[0],"3":[0]},"_coverageSchema":"1a1c01bbd47fc00a2c39e90264f33305004495a9","hash":"e5a111609509b4b8f13afc059a6705c2f8f97ae4"}
,"C:\\Users\\amitr\\OneDrive\\Desktop\\online-quiz-application-api\\backend\\src\\quizService.js": {"path":"C:\\Users\\amitr\\OneDrive\\Desktop\\online-quiz-application-api\\backend\\src\\quizService.js","statementMap":{"0":{"start":{"line":1,"column":42},"end":{"line":1,"column":69}},"1":{"start":{"line":3,"column":25},"end":{"line":16,"column":1}},"2":{"start":{"line":4,"column":2},"end":{"line":6,"column":3}},"3":{"start":{"line":5,"column":4},"end":{"line":5,"column":14}},"4":{"start":{"line":8,"column":2},"end":{"line":15,"column":8}},"5":{"start":{"line":10,"column":6},"end":{"line":10,"column":85}},"6":{"start":{"line":12,"column":21},"end":{"line":15,"column":5}},"7":{"start":{"line":18,"column":26},"end":{"line":47,"column":1}},"8":{"start":{"line":19,"column":20},"end":{"line":19,"column":29}},"9":{"start":{"line":20,"column":2},"end":{"line":24,"column":5}},"10":{"start":{"line":21,"column":4},"end":{"line":23,"column":5}},"11":{"start":{"line":22,"column":6},"end":{"line":22,"column":56}},"12":{"start":{"line":26,"column":14},"end":{"line":26,"column":15}},"13":{"start":{"line":27,"column":20},"end":{"line":40,"column":4}},"14":{"start":{"line":28,"column":29},"end":{"line":28,"column":63}},"15":{"start":{"line":29,"column":22},"end":{"line":29,"column":96}},"16":{"start":{"line":30,"column":4},"end":{"line":32,"column":5}},"17":{"start":{"line":31,"column":6},"end":{"line":31,"column":17}},"18":{"start":{"line":34,"column":4},"end":{"line":39,"column":6}},"19":{"start":{"line":42,"column":2},"end":{"line":46,"column":4}},"20":{"start":{"line":49,"column":34},"end":{"line":60,"column":1}},"21":{"start":{"line":50,"column":15},"end":{"line":50,"column":34}},"22":{"start":{"line":51,"column":2},"end":{"line":53,"column":3}},"23":{"start":{"line":52,"column":4},"end":{"line":52,"column":16}},"24":{"start":{"line":55,"column":20},"end":{"line":55,"column":77}},"25":{"start":{"line":56,"column":2},"end":{"line":59,"column":4}},"26":{"start":{"line":62,"column":28},"end":{"line":85,"column":1}},"27":{"start":{"line":63,"column":15},"end":{"line":63,"column":34}},"28":{"start":{"line":64,"column":2},"end":{"line":66,"column":3}},"29":{"start":{"line":65,"column":4},"end":{"line":65,"column":16}},"30":{"start":{"line":68,"column":20},"end":{"line":68,"column":76}},"31":{"start":{"line":69,"column":2},"end":{"line":76,"column":3}},"32":{"start":{"line":70,"column":4},"end":{"line":75,"column":6}},"33":{"start":{"line":78,"column":18},"end":{"line":78,"column":50}},"34":{"start":{"line":79,"column":17},"end":{"line":79,"column":54}},"35":{"start":{"line":81,"column":2},"end":{"line":84,"column":4}},"36":{"start":{"line":87,"column":0},"end":{"line":92,"column":2}}},"fnMap":{"0":{"name":"(anonymous_0)","decl":{"start":{"line":3,"column":25},"end":{"line":3,"column":26}},"loc":{"start":{"line":3,"column":43},"end":{"line":16,"column":1}},"line":3},"1":{"name":"(anonymous_1)","decl":{"start":{"line":9,"column":12},"end":{"line":9,"column":13}},"loc":{"start":{"line":10,"column":6},"end":{"line":10,"column":85}},"line":10},"2":{"name":"(anonymous_2)","decl":{"start":{"line":12,"column":9},"end":{"line":12,"column":10}},"loc":{"start":{"line":12,"column":21},"end":{"line":15,"column":5}},"line":12},"3":{"name":"(anonymous_3)","decl":{"start":{"line":18,"column":26},"end":{"line":18,"column":27}},"loc":{"start":{"line":18,"column":50},"end":{"line":47,"column":1}},"line":18},"4":{"name":"(anonymous_4)","decl":{"start":{"line":20,"column":18},"end":{"line":20,"column":19}},"loc":{"start":{"line":20,"column":30},"end":{"line":24,"column":3}},"line":20},"5":{"name":"(anonymous_5)","decl":{"start":{"line":27,"column":34},"end":{"line":27,"column":35}},"loc":{"start":{"line":27,"column":48},"end":{"line":40,"column":3}},"line":27},"6":{"name":"(anonymous_6)","decl":{"start":{"line":49,"column":34},"end":{"line":49,"column":35}},"loc":{"start":{"line":49,"column":46},"end":{"line":60,"column":1}},"line":49},"7":{"name":"(anonymous_7)","decl":{"start":{"line":62,"column":28},"end":{"line":62,"column":29}},"loc":{"start":{"line":62,"column":56},"end":{"line":85,"column":1}},"line":62}},"branchMap":{"0":{"loc":{"start":{"line":3,"column":26},"end":{"line":3,"column":38}},"type":"default-arg","locations":[{"start":{"line":3,"column":36},"end":{"line":3,"column":38}}],"line":3},"1":{"loc":{"start":{"line":4,"column":2},"end":{"line":6,"column":3}},"type":"if","locations":[{"start":{"line":4,"column":2},"end":{"line":6,"column":3}},{"start":{},"end":{}}],"line":4},"2":{"loc":{"start":{"line":10,"column":6},"end":{"line":10,"column":85}},"type":"binary-expr","locations":[{"start":{"line":10,"column":6},"end":{"line":10,"column":11}},{"start":{"line":10,"column":15},"end":{"line":10,"column":49}},{"start":{"line":10,"column":53},"end":{"line":10,"column":85}}],"line":10},"3":{"loc":{"start":{"line":21,"column":4},"end":{"line":23,"column":5}},"type":"if","locations":[{"start":{"line":21,"column":4},"end":{"line":23,"column":5}},{"start":{},"end":{}}],"line":21},"4":{"loc":{"start":{"line":28,"column":29},"end":{"line":28,"column":63}},"type":"binary-expr","locations":[{"start":{"line":28,"column":29},"end":{"line":28,"column":55}},{"start":{"line":28,"column":59},"end":{"line":28,"column":63}}],"line":28},"5":{"loc":{"start":{"line":29,"column":22},"end":{"line":29,"column":96}},"type":"binary-expr","locations":[{"start":{"line":29,"column":22},"end":{"line":29,"column":47}},{"start":{"line":29,"column":51},"end":{"line":29,"column":96}}],"line":29},"6":{"loc":{"start":{"line":30,"column":4},"end":{"line":32,"column":5}},"type":"if","locations":[{"start":{"line":30,"column":4},"end":{"line":32,"column":5}},{"start":{},"end":{}}],"line":30},"7":{"loc":{"start":{"line":51,"column":2},"end":{"line":53,"column":3}},"type":"if","locations":[{"start":{"line":51,"column":2},"end":{"line":53,"column":3}},{"start":{},"end":{}}],"line":51},"8":{"loc":{"start":{"line":64,"column":2},"end":{"line":66,"column":3}},"type":"if","locations":[{"start":{"line":64,"column":2},"end":{"line":66,"column":3}},{"start":{},"end":{}}],"line":64},"9":{"loc":{"start":{"line":69,"column":2},"end":{"line":76,"column":3}},"type":"if","locations":[{"start":{"line":69,"column":2},"end":{"line":76,"column":3}},{"start":{},"end":{}}],"line":69}},"s":{"0":1,"1":1,"2":3,"3":1,"4":2,"5":5,"6":1,"7":1,"8":3,"9":3,"10":7,"11":6,"12":3,"13":3,"14":9,"15":9,"16":9,"17":4,"18":9,"19":3,"20":1,"21":0,"22":0,"23":0,"24":0,"25":0,"26":1,"27":0,"28":0,"29":0,"30":0,"31":0,"32":0,"33":0,"34":0,"35":0,"36":1},"f":{"0":3,"1":5,"2":1,"3":3,"4":7,"5":9,"6":0,"7":0},"b":{"0":[1],"1":[1,2],"2":[5,4,2],"3":[6,1],"4":[9,3],"5":[9,6],"6":[4,5],"7":[0,0],"8":[0,0],"9":[0,0]},"_coverageSchema":"1a1c01bbd47fc00a2c39e90264f33305004495a9","hash":"bee835349599b070a4651796c33e887675476361"}
}
