TN:
SF:src\db.js
FN:15,(anonymous_0)
FNF:1
FNH:0
FNDA:0,(anonymous_0)
DA:1,1
DA:2,1
DA:3,1
DA:5,1
DA:6,1
DA:8,1
DA:9,0
DA:12,1
DA:13,1
DA:15,1
DA:16,0
DA:23,0
DA:33,0
DA:42,0
DA:43,0
DA:44,0
DA:47,1
LF:17
LH:10
BRDA:8,0,0,0
BRDA:8,0,1,1
BRF:2
BRH:1
end_of_record
TN:
SF:src\quizRepository.js
FN:3,(anonymous_0)
FN:7,(anonymous_1)
FN:32,(anonymous_2)
FN:37,(anonymous_3)
FNF:4
FNH:0
FNDA:0,(anonymous_0)
FNDA:0,(anonymous_1)
FNDA:0,(anonymous_2)
FNDA:0,(anonymous_3)
DA:1,1
DA:3,1
DA:4,0
DA:5,0
DA:7,0
DA:8,0
DA:9,0
DA:15,0
DA:16,0
DA:19,0
DA:20,0
DA:23,0
DA:29,0
DA:32,1
DA:33,0
DA:34,0
DA:37,1
DA:38,0
DA:51,0
DA:52,0
DA:55,1
LF:21
LH:5
BRDA:8,0,0,0
BRDA:8,0,1,0
BRDA:15,1,0,0
BRDA:15,1,1,0
BRDA:37,2,0,0
BRDA:37,3,0,0
BRF:6
BRH:0
end_of_record
TN:
SF:src\quizService.js
FN:3,(anonymous_0)
FN:9,(anonymous_1)
FN:12,(anonymous_2)
FN:18,(anonymous_3)
FN:20,(anonymous_4)
FN:27,(anonymous_5)
FN:49,(anonymous_6)
FN:62,(anonymous_7)
FNF:8
FNH:6
FNDA:3,(anonymous_0)
FNDA:5,(anonymous_1)
FNDA:1,(anonymous_2)
FNDA:3,(anonymous_3)
FNDA:7,(anonymous_4)
FNDA:9,(anonymous_5)
FNDA:0,(anonymous_6)
FNDA:0,(anonymous_7)
DA:1,1
DA:3,1
DA:4,3
DA:5,1
DA:8,2
DA:10,5
DA:12,1
DA:18,1
DA:19,3
DA:20,3
DA:21,7
DA:22,6
DA:26,3
DA:27,3
DA:28,9
DA:29,9
DA:30,9
DA:31,4
DA:34,9
DA:42,3
DA:49,1
DA:50,0
DA:51,0
DA:52,0
DA:55,0
DA:56,0
DA:62,1
DA:63,0
DA:64,0
DA:65,0
DA:68,0
DA:69,0
DA:70,0
DA:78,0
DA:79,0
DA:81,0
DA:87,1
LF:37
LH:23
BRDA:3,0,0,1
BRDA:4,1,0,1
BRDA:4,1,1,2
BRDA:10,2,0,5
BRDA:10,2,1,4
BRDA:10,2,2,2
BRDA:21,3,0,6
BRDA:21,3,1,1
BRDA:28,4,0,9
BRDA:28,4,1,3
BRDA:29,5,0,9
BRDA:29,5,1,6
BRDA:30,6,0,4
BRDA:30,6,1,5
BRDA:51,7,0,0
BRDA:51,7,1,0
BRDA:64,8,0,0
BRDA:64,8,1,0
BRDA:69,9,0,0
BRDA:69,9,1,0
BRF:20
BRH:14
end_of_record
